\BOOKMARK [0][]{section*.1}{\376\377\144\130\211\201}{}% 1
\BOOKMARK [0][]{目录.0}{\376\377\166\356\137\125}{}% 2
\BOOKMARK [0][]{chapter.1}{\376\377\0001\000\040\176\352\213\272}{}% 3
\BOOKMARK [1][-]{section.1.1}{\376\377\0001\000.\0001\000\040\213\376\230\230\200\314\146\157\116\345\123\312\147\145\156\220}{chapter.1}% 4
\BOOKMARK [1][-]{section.1.2}{\376\377\0001\000.\0002\000\040\126\375\121\205\131\026\151\202\121\265}{chapter.1}% 5
\BOOKMARK [1][-]{section.1.3}{\376\377\0001\000.\0003\000\040\213\272\145\207\166\204\116\073\211\201\135\345\117\134\124\214\176\304\176\307\176\323\147\204}{chapter.1}% 6
\BOOKMARK [0][]{chapter.2}{\376\377\0002\000\040\214\003\213\325\220\032\220\123\140\073\117\123\213\276\213\241\116\016\121\163\225\056\142\200\147\057}{}% 7
\BOOKMARK [1][-]{section.2.1}{\376\377\0002\000.\0001\000\040\140\073\117\123\213\276\213\241}{chapter.2}% 8
\BOOKMARK [1][-]{section.2.2}{\376\377\0002\000.\0002\000\040\121\163\225\056\142\200\147\057}{chapter.2}% 9
\BOOKMARK [2][-]{subsection.2.2.1}{\376\377\0002\000.\0002\000.\0001\000\040\000V\000x\000W\000o\000r\000k\000s\232\161\122\250\137\000\123\321}{section.2.2}% 10
\BOOKMARK [2][-]{subsection.2.2.2}{\376\377\0002\000.\0002\000.\0002\000\040\000V\000x\000W\000o\000r\000k\000s\000\040\116\055\166\204\117\341\123\367\221\317\147\072\122\066}{section.2.2}% 11
\BOOKMARK [2][-]{subsection.2.2.3}{\376\377\0002\000.\0002\000.\0003\000\040\000U\000S\000B\142\200\147\057}{section.2.2}% 12
\BOOKMARK [1][-]{section.2.3}{\376\377\0002\000.\0003\000\040\147\054\172\340\134\017\176\323}{chapter.2}% 13
\BOOKMARK [0][]{chapter.3}{\376\377\0003\000\040\232\161\122\250\172\013\136\217\166\204\213\276\213\241\124\214\133\236\163\260}{}% 14
\BOOKMARK [1][-]{section.3.1}{\376\377\0003\000.\0001\000\040\000V\000x\000W\000o\000r\000k\000s\116\012\166\204\000U\000S\000B\137\000\123\321}{chapter.3}% 15
\BOOKMARK [1][-]{section.3.2}{\376\377\0003\000.\0002\000\040\000C\000P\0002\0001\0000\0002\137\000\123\321}{chapter.3}% 16
\BOOKMARK [1][-]{section.3.3}{\376\377\0003\000.\0003\000\040\162\171\133\232\227\000\154\102\123\125\213\276\131\007\232\161\122\250\166\204\133\236\163\260}{chapter.3}% 17
\BOOKMARK [2][-]{subsection.3.3.1}{\376\377\0003\000.\0003\000.\0001\000\040\213\276\131\007\166\204\201\352\133\232\116\111\176\323\147\204}{section.3.3}% 18
\BOOKMARK [2][-]{subsection.3.3.2}{\376\377\0003\000.\0003\000.\0002\000\040\232\161\122\250\122\035\131\313\123\026}{section.3.3}% 19
\BOOKMARK [2][-]{subsection.3.3.3}{\376\377\0003\000.\0003\000.\0003\000\040\213\276\131\007\166\204\213\306\122\053\124\214\122\035\131\313\123\026}{section.3.3}% 20
\BOOKMARK [2][-]{subsection.3.3.4}{\376\377\0003\000.\0003\000.\0004\000\040\213\276\131\007\142\123\137\000\000/\121\163\225\355}{section.3.3}% 21
\BOOKMARK [2][-]{subsection.3.3.5}{\376\377\0003\000.\0003\000.\0005\000\040\213\276\131\007\166\204\213\373\121\231}{section.3.3}% 22
\BOOKMARK [2][-]{subsection.3.3.6}{\376\377\0003\000.\0003\000.\0006\000\040\213\276\131\007\166\204\143\247\122\066\144\315\117\134}{section.3.3}% 23
\BOOKMARK [2][-]{subsection.3.3.7}{\376\377\0003\000.\0003\000.\0007\000\040\232\161\122\250\123\170\217\175}{section.3.3}% 24
\BOOKMARK [1][-]{section.3.4}{\376\377\0003\000.\0004\000\040\220\032\165\050\131\032\213\276\131\007\232\161\122\250\166\204\133\236\163\260}{chapter.3}% 25
\BOOKMARK [2][-]{subsection.3.4.1}{\376\377\0003\000.\0004\000.\0001\000\040\213\276\131\007\166\204\201\352\133\232\116\111\176\323\147\204\117\123}{section.3.4}% 26
\BOOKMARK [2][-]{subsection.3.4.2}{\376\377\0003\000.\0004\000.\0002\000\040\232\161\122\250\122\035\131\313\123\026}{section.3.4}% 27
\BOOKMARK [2][-]{subsection.3.4.3}{\376\377\0003\000.\0004\000.\0003\000\040\213\276\131\007\166\204\213\306\122\053\124\214\122\035\131\313\123\026}{section.3.4}% 28
\BOOKMARK [2][-]{subsection.3.4.4}{\376\377\0003\000.\0004\000.\0004\000\040\213\276\131\007\166\204\142\123\137\000\000/\121\163\225\355}{section.3.4}% 29
\BOOKMARK [2][-]{subsection.3.4.5}{\376\377\0003\000.\0004\000.\0005\000\040\213\276\131\007\166\204\213\373\121\231}{section.3.4}% 30
\BOOKMARK [2][-]{subsection.3.4.6}{\376\377\0003\000.\0004\000.\0006\000\040\232\161\122\250\123\170\217\175}{section.3.4}% 31
\BOOKMARK [1][-]{section.3.5}{\376\377\0003\000.\0005\000\040\134\017\176\323}{chapter.3}% 32
\BOOKMARK [0][]{chapter.4}{\376\377\0004\000\040\136\224\165\050\134\102\172\013\136\217\143\245\123\343\134\001\210\305}{}% 33
\BOOKMARK [1][-]{section.4.1}{\376\377\0004\000.\0001\000\040\136\224\165\050\134\102\143\245\123\343\152\041\127\127\213\276\213\241}{chapter.4}% 34
\BOOKMARK [1][-]{section.4.2}{\376\377\0004\000.\0002\000\040\000L\000o\000g\123\117\213\256\166\204\213\276\213\241}{chapter.4}% 35
\BOOKMARK [1][-]{section.4.3}{\376\377\0004\000.\0003\000\040\150\007\121\306\217\223\121\372\221\315\133\232\124\021\143\245\123\343\166\204\133\236\163\260}{chapter.4}% 36
\BOOKMARK [2][-]{subsection.4.3.1}{\376\377\0004\000.\0003\000.\0001\000\040\000R\000T\000P\152\041\137\017\116\013\150\007\121\306\217\223\121\372\221\315\133\232\124\021}{section.4.3}% 37
\BOOKMARK [2][-]{subsection.4.3.2}{\376\377\0004\000.\0003\000.\0002\000\040\000t\000a\000s\000k\152\041\137\017\116\013\150\007\121\306\217\223\121\372\221\315\133\232\124\021}{section.4.3}% 38
\BOOKMARK [1][-]{section.4.4}{\376\377\0004\000.\0004\000\040\000L\000o\000g\143\245\123\343\166\204\133\236\163\260}{chapter.4}% 39
\BOOKMARK [1][-]{section.4.5}{\376\377\0004\000.\0005\000\040\000W\000i\000n\000d\000o\000w\000s\116\013\166\204\145\345\137\327\122\006\147\220\135\345\121\167}{chapter.4}% 40
\BOOKMARK [1][-]{section.4.6}{\376\377\0004\000.\0006\000\040\134\017\176\323}{chapter.4}% 41
\BOOKMARK [0][]{chapter.5}{\376\377\0005\000\040\174\373\176\337\166\204\122\237\200\375\155\113\213\325}{}% 42
\BOOKMARK [1][-]{section.5.1}{\376\377\0005\000.\0001\000\040\213\276\131\007\155\373\122\240\122\060\174\373\176\337\173\241\164\006\210\150}{chapter.5}% 43
\BOOKMARK [1][-]{section.5.2}{\376\377\0005\000.\0002\000\040\232\161\122\250\172\013\136\217\213\373\121\231\155\113\213\325}{chapter.5}% 44
\BOOKMARK [2][-]{subsection.5.2.1}{\376\377\0005\000.\0002\000.\0001\000\040\000R\000T\000P\152\041\137\017\116\013\166\204\213\373\121\231\155\113\213\325}{section.5.2}% 45
\BOOKMARK [2][-]{subsection.5.2.2}{\376\377\0005\000.\0002\000.\0002\000\040\000t\000a\000s\000k\152\041\137\017\116\013\166\204\213\373\121\231\155\113\213\325}{section.5.2}% 46
\BOOKMARK [1][-]{section.5.3}{\376\377\0005\000.\0003\000\040\136\224\165\050\172\013\136\217\143\245\123\343\155\113\213\325}{chapter.5}% 47
\BOOKMARK [2][-]{subsection.5.3.1}{\376\377\0005\000.\0003\000.\0001\000\040\150\007\121\306\217\223\121\372\221\315\133\232\124\021\155\113\213\325}{section.5.3}% 48
\BOOKMARK [2][-]{subsection.5.3.2}{\376\377\0005\000.\0003\000.\0002\000\040\000L\000o\000g\145\345\137\327\143\245\123\343\155\113\213\325}{section.5.3}% 49
\BOOKMARK [1][-]{section.5.4}{\376\377\0005\000.\0004\000\040\134\017\176\323}{chapter.5}% 50
\BOOKMARK [0][]{chapter.6}{\376\377\0006\000\040\140\073\176\323\116\016\134\125\147\033}{}% 51
\BOOKMARK [0][-]{section*.57}{\376\377\201\364\214\042}{}% 52
\BOOKMARK [0][-]{section*.59}{\376\377\123\302\200\003\145\207\163\056}{}% 53
